The 0st shot:	n = 139, E = -16.799900749904985
The 1st shot:	n = 154, E = -16.799905423893044
The 2st shot:	n = 149, E = -16.799907005731637
The 3st shot:	n = 113, E = -16.799909437560096
The 4st shot:	n = 139, E = -16.799906075673643
The 5st shot:	n = 134, E = -16.799913381727624
The 6st shot:	n = 140, E = -16.799911825828882
The 7st shot:	n = 163, E = -16.799914823812315
The 8st shot:	n = 165, E = -16.799901225744808
The 9st shot:	n = 160, E = -16.79990058020814
The 10st shot:	n = 178, E = -16.799903768708308
The 11st shot:	n = 154, E = -16.799904109548514
The 12st shot:	n = 137, E = -16.7999125210314
The 13st shot:	n = 169, E = -16.799908659905725
The 14st shot:	n = 153, E = -16.79991229821491
The 15st shot:	n = 154, E = -16.799911711000455
The 16st shot:	n = 132, E = -16.799913371335407
The 17st shot:	n = 147, E = -16.799912938684407
The 18st shot:	n = 158, E = -16.79991079360516
The 19st shot:	n = 171, E = -16.799910417123627
The 20st shot:	n = 168, E = -16.799902075422526
The 21st shot:	n = 144, E = -16.799914507826855
The 22st shot:	n = 136, E = -16.799908780143884
The 23st shot:	n = 163, E = -16.79990866899922
The 24st shot:	n = 174, E = -16.799907641316153
The 25st shot:	n = 149, E = -16.799910296983448
The 26st shot:	n = 150, E = -16.79991320149098
The 27st shot:	n = 146, E = -16.79990480595492
The 28st shot:	n = 128, E = -16.799909984072286
The 29st shot:	n = 175, E = -16.799913973387035
The 30st shot:	n = 159, E = -16.799907859379832
The 31st shot:	n = 160, E = -16.799912117262938
The 32st shot:	n = 152, E = -16.799910663095897
The 33st shot:	n = 156, E = -16.799901675212677
The 34st shot:	n = 158, E = -16.799906684140907
The 35st shot:	n = 148, E = -16.79990506755068
The 36st shot:	n = 167, E = -16.79990000585557
The 37st shot:	n = 198, E = -16.799907234414896
The 38st shot:	n = 116, E = -16.799903553873484
The 39st shot:	n = 153, E = -16.799911607406955
The 40st shot:	n = 162, E = -16.799908680551294
The 41st shot:	n = 135, E = -16.799914878216832
The 42st shot:	n = 131, E = -16.799903321149184
The 43st shot:	n = 176, E = -16.799913564130733
The 44st shot:	n = 169, E = -16.799910762470464
The 45st shot:	n = 153, E = -16.799905215057183
The 46st shot:	n = 134, E = -16.799912701402786
The 47st shot:	n = 174, E = -16.7999063808577
The 48st shot:	n = 140, E = -16.799913953017583
The 49st shot:	n = 142, E = -16.799903010804876
The 50st shot:	n = 128, E = -16.7999068161191
The 51st shot:	n = 154, E = -16.79990899379751
The 52st shot:	n = 173, E = -16.799912580861648
The 53st shot:	n = 143, E = -16.79990983984283
The 54st shot:	n = 146, E = -16.799901546451473
The 55st shot:	n = 170, E = -16.799901480932835
The 56st shot:	n = 145, E = -16.79990078517026
The 57st shot:	n = 164, E = -16.799903489329786
The 58st shot:	n = 143, E = -16.7999075067558
The 59st shot:	n = 170, E = -16.799910419977373
The 60st shot:	n = 169, E = -16.799910541544758
The 61st shot:	n = 172, E = -16.799900254660066
The 62st shot:	n = 138, E = -16.799903840481644
The 63st shot:	n = 166, E = -16.799912056904343
The 64st shot:	n = 136, E = -16.799913962008265
The 65st shot:	n = 158, E = -16.799900168426362
The 66st shot:	n = 151, E = -16.79990293143063
The 67st shot:	n = 168, E = -16.79991504907398
The 68st shot:	n = 139, E = -16.79990395720886
The 69st shot:	n = 145, E = -16.799913871407828
The 70st shot:	n = 186, E = -16.799902841416394
The 71st shot:	n = 169, E = -16.799908638958748
The 72st shot:	n = 143, E = -16.799901903589998
The 73st shot:	n = 144, E = -16.79991372942058
The 74st shot:	n = 175, E = -16.79990749185591
The 75st shot:	n = 162, E = -16.799909427804348
The 76st shot:	n = 141, E = -16.799912407574475
The 77st shot:	n = 150, E = -16.799908106593428
The 78st shot:	n = 150, E = -16.79990318311792
The 79st shot:	n = 164, E = -16.799905335745454
The 80st shot:	n = 154, E = -16.799906266624127
The 81st shot:	n = 144, E = -16.799906717070613
The 82st shot:	n = 145, E = -16.79990588776553
The 83st shot:	n = 161, E = -16.799914181932632
The 84st shot:	n = 126, E = -16.799903269465243
The 85st shot:	n = 145, E = -16.799909195650475
The 86st shot:	n = 155, E = -16.799911259876456
The 87st shot:	n = 161, E = -16.799907115582002
The 88st shot:	n = 142, E = -16.79990525173737
The 89st shot:	n = 157, E = -16.799900494865156
The 90st shot:	n = 142, E = -16.799908598654714
The 91st shot:	n = 152, E = -16.79991421858761
The 92st shot:	n = 94, E = -16.799907378501775
The 93st shot:	n = 137, E = -16.799914313528312
The 94st shot:	n = 148, E = -16.799905645716443
The 95st shot:	n = 133, E = -16.799909309951264
The 96st shot:	n = 172, E = -16.79990786108187
The 97st shot:	n = 172, E = -16.799907733558218
The 98st shot:	n = 141, E = -16.799902349041297
The 99st shot:	n = 156, E = -16.79990865892861
-----------------------------------------------------------------------------
* E0 = -16.80000000000001
* E1 = -16.0
* Success = 100 / 100
* Average steps = 153.24
Time used: 1h, 49m, 54.78s