100%|████████████████████████████████████████████████████████████████████████████████████████████████████| 1000/1000 [01:54<00:00,  8.77it/s]
#0		E = -14.399999937045793		preserved: 16	Same states: True
 14%|██████████████▏                                                                                      | 141/1000 [00:10<01:04, 13.24it/s]
Final state: |61680〉 or |1111000011110000〉
#1		E = -17.599903159886317		preserved: 1	Same states: False
100%|████████████████████████████████████████████████████████████████████████████████████████████████████| 1000/1000 [01:14<00:00, 13.37it/s]
#2		E = -14.399997293593579		preserved: 16	Same states: True
100%|████████████████████████████████████████████████████████████████████████████████████████████████████| 1000/1000 [01:14<00:00, 13.37it/s]
#3		E = -14.399999976488843		preserved: 16	Same states: True
100%|████████████████████████████████████████████████████████████████████████████████████████████████████| 1000/1000 [01:14<00:00, 13.47it/s]
#4		E = -14.399999999931168		preserved: 16	Same states: True
100%|████████████████████████████████████████████████████████████████████████████████████████████████████| 1000/1000 [01:14<00:00, 13.36it/s]
#5		E = -14.399999955509909		preserved: 16	Same states: True
 12%|████████████▏                                                                                        | 121/1000 [00:09<01:08, 12.85it/s]
#6		E = -17.599903292431947		preserved: 2	Same states: False
 13%|█████████████                                                                                        | 129/1000 [00:09<01:07, 12.95it/s]
Final state: |03855〉 or |111100001111〉
#7		E = -17.59990554258276		preserved: 1	Same states: False
100%|████████████████████████████████████████████████████████████████████████████████████████████████████| 1000/1000 [01:15<00:00, 13.28it/s]
#8		E = -14.399999991177403		preserved: 16	Same states: True
100%|████████████████████████████████████████████████████████████████████████████████████████████████████| 1000/1000 [01:14<00:00, 13.39it/s]
#9		E = -14.399999942928439		preserved: 16	Same states: True
100%|████████████████████████████████████████████████████████████████████████████████████████████████████| 1000/1000 [01:14<00:00, 13.34it/s]
#10		E = -14.399999923578207		preserved: 16	Same states: True
100%|████████████████████████████████████████████████████████████████████████████████████████████████████| 1000/1000 [01:15<00:00, 13.33it/s]
#11		E = -15.999650112556663		preserved: 10	Same states: False
100%|████████████████████████████████████████████████████████████████████████████████████████████████████| 1000/1000 [01:15<00:00, 13.25it/s]
#12		E = -14.399993870231173		preserved: 16	Same states: True
100%|████████████████████████████████████████████████████████████████████████████████████████████████████| 1000/1000 [01:15<00:00, 13.33it/s]
#13		E = -14.399999983491124		preserved: 16	Same states: True
100%|████████████████████████████████████████████████████████████████████████████████████████████████████| 1000/1000 [01:15<00:00, 13.28it/s]
#14		E = -14.39999998849897		preserved: 16	Same states: True
100%|████████████████████████████████████████████████████████████████████████████████████████████████████| 1000/1000 [01:15<00:00, 13.32it/s]
#15		E = -14.399920370492413		preserved: 16	Same states: True
100%|████████████████████████████████████████████████████████████████████████████████████████████████████| 1000/1000 [01:15<00:00, 13.17it/s]
#16		E = -14.399999983865914		preserved: 16	Same states: True
100%|████████████████████████████████████████████████████████████████████████████████████████████████████| 1000/1000 [01:15<00:00, 13.26it/s]
#17		E = -14.399999937634696		preserved: 16	Same states: True
100%|████████████████████████████████████████████████████████████████████████████████████████████████████| 1000/1000 [01:14<00:00, 13.50it/s]
#18		E = -14.399998231060735		preserved: 16	Same states: True
100%|████████████████████████████████████████████████████████████████████████████████████████████████████| 1000/1000 [01:15<00:00, 13.33it/s]
#19		E = -14.399999955931811		preserved: 16	Same states: True
* Time used: 0h, 27m, 21.80s
