The 0st shot:	n = 32, E = -17.599921575732907
The 1st shot:	n = 32, E = -17.599924643038747
The 2st shot:	n = 32, E = -17.599924204769643
The 3st shot:	n = 39, E = -17.599926790282133
The 4st shot:	n = 37, E = -17.599914206425733
The 5st shot:	n = 33, E = -17.599923404364255
The 6st shot:	n = 29, E = -17.599906342734666
The 7st shot:	n = 30, E = -17.599922821454076
The 8st shot:	n = 30, E = -17.599912121499862
The 9st shot:	n = 32, E = -17.59992327581658
The 10st shot:	n = 32, E = -17.59992900373437
The 11st shot:	n = 28, E = -17.599921381138927
The 12st shot:	n = 33, E = -17.599900575527503
The 13st shot:	n = 38, E = -17.599916604100404
The 14st shot:	n = 33, E = -17.599931420440065
The 15st shot:	n = 34, E = -17.59992639320467
The 16st shot:	n = 28, E = -17.59990182973685
The 17st shot:	n = 38, E = -17.599920162683816
The 18st shot:	n = 34, E = -17.599918751565802
The 19st shot:	n = 27, E = -17.599916069933855
The 20st shot:	n = 31, E = -17.599900316433498
The 21st shot:	n = 26, E = -17.59990708838304
The 22st shot:	n = 33, E = -17.599913303213306
The 23st shot:	n = 31, E = -17.599905828863474
The 24st shot:	n = 32, E = -17.599902205839225
The 25st shot:	n = 33, E = -17.599905817336456
The 26st shot:	n = 27, E = -17.599912660781598
The 27st shot:	n = 25, E = -17.599931277071143
The 28st shot:	n = 31, E = -17.599917055115235
The 29st shot:	n = 28, E = -17.599930153536963
The 30st shot:	n = 40, E = -17.599908881624977
The 31st shot:	n = 41, E = -17.599929255395953
The 32st shot:	n = 37, E = -17.59990511575377
The 33st shot:	n = 32, E = -17.59992949421433
The 34st shot:	n = 31, E = -17.59991929417985
The 35st shot:	n = 32, E = -17.59990063488307
The 36st shot:	n = 33, E = -17.59991728308309
The 37st shot:	n = 33, E = -17.599919708449573
The 38st shot:	n = 31, E = -17.59991136277091
The 39st shot:	n = 33, E = -17.59992116814608
The 40st shot:	n = 38, E = -17.599917252356363
The 41st shot:	n = 30, E = -17.59992286620185
The 42st shot:	n = 26, E = -17.599917104728092
The 43st shot:	n = 33, E = -17.599914792167485
The 44st shot:	n = 26, E = -17.599930815556633
The 45st shot:	n = 32, E = -17.59992667406405
The 46st shot:	n = 33, E = -17.59991981279712
The 47st shot:	n = 28, E = -17.59990841491718
The 48st shot:	n = 26, E = -17.599933380017127
The 49st shot:	n = 28, E = -17.59990830477999
The 50st shot:	n = 27, E = -17.599930258650907
The 51st shot:	n = 30, E = -17.599929368084013
The 52st shot:	n = 38, E = -17.599917451324004
The 53st shot:	n = 32, E = -17.599909427139586
The 54st shot:	n = 26, E = -17.59990475587059
The 55st shot:	n = 37, E = -17.599904705329052
The 56st shot:	n = 35, E = -17.599917632003
The 57st shot:	n = 34, E = -17.5999270548216
The 58st shot:	n = 26, E = -17.599910905287242
The 59st shot:	n = 35, E = -17.599925144026802
The 60st shot:	n = 31, E = -17.599922378961345
The 61st shot:	n = 27, E = -17.599918814226818
The 62st shot:	n = 35, E = -17.59990249296611
The 63st shot:	n = 29, E = -17.59993464217584
The 64st shot:	n = 26, E = -17.599937285024094
The 65st shot:	n = 37, E = -17.59992861879567
The 66st shot:	n = 29, E = -17.59992491872552
The 67st shot:	n = 29, E = -17.599923995579957
The 68st shot:	n = 33, E = -17.599917862795493
The 69st shot:	n = 28, E = -17.599906066412792
The 70st shot:	n = 32, E = -17.599927843318277
The 71st shot:	n = 35, E = -17.59990875487871
The 72st shot:	n = 32, E = -17.59992608490723
The 73st shot:	n = 31, E = -17.599911003659827
The 74st shot:	n = 33, E = -17.599910995045523
The 75st shot:	n = 31, E = -17.599911375090596
The 76st shot:	n = 27, E = -17.599909451259915
The 77st shot:	n = 32, E = -17.59992405568036
The 78st shot:	n = 36, E = -17.599909107728102
The 79st shot:	n = 30, E = -17.599917150479314
The 80st shot:	n = 30, E = -17.599920284803336
The 81st shot:	n = 31, E = -17.59992810358062
The 82st shot:	n = 29, E = -17.59992762879779
The 83st shot:	n = 32, E = -17.59990366813841
The 84st shot:	n = 31, E = -17.599912191436328
The 85st shot:	n = 28, E = -17.5999060921055
The 86st shot:	n = 31, E = -17.599917271257922
The 87st shot:	n = 32, E = -17.599920954400258
The 88st shot:	n = 30, E = -17.599920683207863
The 89st shot:	n = 39, E = -17.59990829319608
The 90st shot:	n = 32, E = -17.599912726727577
The 91st shot:	n = 28, E = -17.599905347639474
The 92st shot:	n = 29, E = -17.59990210290555
The 93st shot:	n = 29, E = -17.599931298925156
The 94st shot:	n = 27, E = -17.59993431783274
The 95st shot:	n = 32, E = -17.599910418381647
The 96st shot:	n = 36, E = -17.599923744761746
The 97st shot:	n = 26, E = -17.599921983495953
The 98st shot:	n = 28, E = -17.599920689160296
The 99st shot:	n = 35, E = -17.599905155371516
-----------------------------------------------------------------------------
* E0 = -17.599999999999994
* E1 = -16.0
* Success = 100 / 100
* Average steps = 32.49
Time used: 0h, 38m, 31.67s